<?xml version="1.0" encoding="UTF-8"?>
<testsuite name="org.gradle.sample.list.LinkedListTest" tests="4" skipped="0" failures="0" errors="0" timestamp="2022-11-30T15:15:35" hostname="aloneitan-macbookpro.roam.corp.google.com" time="0.018">
  <properties/>
  <testcase name="testAdd()" classname="org.gradle.sample.list.LinkedListTest" time="0.014"/>
  <testcase name="testRemoveMissing()" classname="org.gradle.sample.list.LinkedListTest" time="0.001"/>
  <testcase name="testRemove()" classname="org.gradle.sample.list.LinkedListTest" time="0.001"/>
  <testcase name="testConstructor()" classname="org.gradle.sample.list.LinkedListTest" time="0.001"/>
  <system-out><![CDATA[]]></system-out>
  <system-err><![CDATA[]]></system-err>
</testsuite>
